#
# A fatal error has been detected by the Java Runtime Environment:
#
#  EXCEPTION_ACCESS_VIOLATION (0xc0000005) at pc=0x000000007133f214, pid=20620, tid=0x00000000000008f0
#
# JRE version: Java(TM) SE Runtime Environment (8.0_211-b12) (build 1.8.0_211-b12)
# Java VM: Java HotSpot(TM) 64-Bit Server VM (25.211-b12 mixed mode windows-amd64 compressed oops)
# Problematic frame:
# V  [jvm.dll+0x15f214]
#
# Failed to write core dump. Minidumps are not enabled by default on client versions of Windows
#
# If you would like to submit a bug report, please visit:
#   http://bugreport.java.com/bugreport/crash.jsp
#

---------------  T H R E A D  ---------------

Current thread (0x0000000003062800):  JavaThread "main" [_thread_in_vm, id=2288, stack(0x0000000002f60000,0x0000000003060000)]

siginfo: ExceptionCode=0xc0000005, reading address 0xffffffffffffffff

Registers:
RAX=0x005db60f41000000, RBX=0x000000001985eae0, RCX=0x00000000031721d8, RDX=0x0000000000000000
RSP=0x000000000305eda0, RBP=0x00007ffc0e3b5548, RSI=0x005db60f41000000, RDI=0x00000000030abe10
R8 =0x0000000000000014, R9 =0x00007ffc0b309720, R10=0x00000000030abe10, R11=0x0000000073cf11cb
R12=0x0000000003062800, R13=0x0000000000000001, R14=0x0000000000000008, R15=0x000000000305eed0
RIP=0x000000007133f214, EFLAGS=0x0000000000010246

Top of Stack: (sp=0x000000000305eda0)
0x000000000305eda0:   000000001985eae0 000000000305f280
0x000000000305edb0:   000000000305ef10 000000007130b6cc
0x000000000305edc0:   000000000305ef10 00000000013f7e80
0x000000000305edd0:   0000000073cf11cb 00000000000000ff
0x000000000305ede0:   000000002bc3c118 0000000000000000
0x000000000305edf0:   00007ffc0e3b5530 000000007133f5b7
0x000000000305ee00:   0000000003062800 00000000a0094ee0
0x000000000305ee10:   000000000305f280 00007ffc0e3b5548
0x000000000305ee20:   0000000003062800 000000000305ef10
0x000000000305ee30:   0000000003062800 0000000000000000
0x000000000305ee40:   00000000717d8ac8 0000000000000000
0x000000000305ee50:   000000000000017f 00007ffc0e33123c
0x000000000305ee60:   000000000000031c 0000000000000100
0x000000000305ee70:   0000000001436d50 000000000000000e
0x000000000305ee80:   fffffffffffffffe 0000000000014abd
0x000000000305ee90:   0000000003062800 000000000305f290 

Instructions: (pc=0x000000007133f214)
0x000000007133f1f4:   48 8b cf e8 84 cc fd ff e9 17 01 00 00 48 8b 0e
0x000000007133f204:   e8 c7 9e f0 ff 4c 8b a4 24 80 00 00 00 48 8b f0
0x000000007133f214:   48 8b 00 49 8b d4 48 8b ce ff 90 90 00 00 00 49
0x000000007133f224:   83 7c 24 08 00 75 c9 48 3b 1d 1e f4 69 00 74 3b 


Register to memory mapping:

RAX=0x005db60f41000000 is an unknown value
RBX=0x000000001985eae0 is an unknown value
RCX=0x00000000031721d8 is at code_begin+24 in an Interpreter codelet
result handlers for native calls  [0x00000000031721c0, 0x00000000031721e0]  32 bytes
RDX=0x0000000000000000 is an unknown value
RSP=0x000000000305eda0 is pointing into the stack for thread: 0x0000000003062800
RBP=0x00007ffc0e3b5548 is an unknown value
RSI=0x005db60f41000000 is an unknown value
RDI=0x00000000030abe10 is an unknown value
R8 =0x0000000000000014 is an unknown value
R9 =0x00007ffc0b309720 is an unknown value
R10=0x00000000030abe10 is an unknown value
R11=0x0000000073cf11cb is an unknown value
R12=0x0000000003062800 is a thread
R13=0x0000000000000001 is an unknown value
R14=0x0000000000000008 is an unknown value
R15=0x000000000305eed0 is pointing into the stack for thread: 0x0000000003062800


Stack: [0x0000000002f60000,0x0000000003060000],  sp=0x000000000305eda0,  free space=1019k
Native frames: (J=compiled Java code, j=interpreted, Vv=VM code, C=native code)
V  [jvm.dll+0x15f214]
V  [jvm.dll+0x15f5b7]
C  [FR.dll+0x123c]  GetClipboard+0x7c
C  [FR.dll+0x1a92]  Renderer::Render+0x32
C  0x0000000003178c67

Java frames: (J=compiled Java code, j=interpreted, Vv=VM code)
j  com.mt.face.natives.NativeUtils.render(II)V+0
j  com.mt.face.Window.update()V+14
j  com.mt.face.Main.main([Ljava/lang/String;)V+44
v  ~StubRoutines::call_stub

---------------  P R O C E S S  ---------------

Java Threads: ( => current thread )
  0x000000001b9bc800 JavaThread "D3D Screen Updater" daemon [_thread_blocked, id=2980, stack(0x0000000027550000,0x0000000027650000)]
  0x000000001b713800 JavaThread "Trident pulse source thread" daemon [_thread_blocked, id=21164, stack(0x0000000026170000,0x0000000026270000)]
  0x000000001b64d000 JavaThread "Trident callback thread" daemon [_thread_blocked, id=5124, stack(0x0000000026070000,0x0000000026170000)]
  0x000000001b650000 JavaThread "Swing-Shell" daemon [_thread_blocked, id=11040, stack(0x0000000025ba0000,0x0000000025ca0000)]
  0x000000001b942000 JavaThread "Image Fetcher 2" daemon [_thread_blocked, id=11004, stack(0x00000000248d0000,0x00000000249d0000)]
  0x000000001b601000 JavaThread "Image Fetcher 1" daemon [_thread_blocked, id=12140, stack(0x00000000247d0000,0x00000000248d0000)]
  0x000000001b5e3000 JavaThread "Image Fetcher 0" daemon [_thread_blocked, id=9524, stack(0x00000000246d0000,0x00000000247d0000)]
  0x0000000019984000 JavaThread "AWT-EventQueue-0" [_thread_blocked, id=25048, stack(0x000000001a2b0000,0x000000001a3b0000)]
  0x000000001997e800 JavaThread "AWT-Windows" daemon [_thread_in_native, id=1828, stack(0x000000001a020000,0x000000001a120000)]
  0x000000001997b800 JavaThread "AWT-Shutdown" [_thread_blocked, id=8320, stack(0x0000000019f20000,0x000000001a020000)]
  0x000000001997b000 JavaThread "Java2D Disposer" daemon [_thread_blocked, id=17100, stack(0x0000000019e20000,0x0000000019f20000)]
  0x0000000017ced800 JavaThread "Service Thread" daemon [_thread_blocked, id=25276, stack(0x00000000199e0000,0x0000000019ae0000)]
  0x0000000017ce2800 JavaThread "C1 CompilerThread2" daemon [_thread_blocked, id=17684, stack(0x00000000194e0000,0x00000000195e0000)]
  0x0000000017ca2000 JavaThread "C2 CompilerThread1" daemon [_thread_blocked, id=9476, stack(0x00000000193e0000,0x00000000194e0000)]
  0x0000000017c8f800 JavaThread "C2 CompilerThread0" daemon [_thread_blocked, id=25760, stack(0x00000000192e0000,0x00000000193e0000)]
  0x0000000017c8d800 JavaThread "Attach Listener" daemon [_thread_blocked, id=26572, stack(0x00000000191e0000,0x00000000192e0000)]
  0x0000000017c8c800 JavaThread "Signal Dispatcher" daemon [_thread_blocked, id=10156, stack(0x00000000190e0000,0x00000000191e0000)]
  0x000000000315c800 JavaThread "Finalizer" daemon [_thread_blocked, id=13624, stack(0x0000000018ee0000,0x0000000018fe0000)]
  0x0000000017c7a000 JavaThread "Reference Handler" daemon [_thread_blocked, id=22776, stack(0x0000000018de0000,0x0000000018ee0000)]
=>0x0000000003062800 JavaThread "main" [_thread_in_vm, id=2288, stack(0x0000000002f60000,0x0000000003060000)]

Other Threads:
  0x0000000017c58000 VMThread [stack: 0x0000000018ce0000,0x0000000018de0000] [id=17352]
  0x0000000019603000 WatcherThread [stack: 0x0000000019ae0000,0x0000000019be0000] [id=6944]

VM state:not at safepoint (normal execution)

VM Mutex/Monitor currently owned by a thread: None

heap address: 0x0000000081c00000, size: 2020 MB, Compressed Oops mode: 32-bit
Narrow klass base: 0x0000000000000000, Narrow klass shift: 3
Compressed class space size: 1073741824 Address: 0x0000000100000000

Heap:
 PSYoungGen      total 38400K, used 17572K [0x00000000d5f00000, 0x00000000d8980000, 0x0000000100000000)
  eden space 33280K, 37% used [0x00000000d5f00000,0x00000000d6b2b000,0x00000000d7f80000)
  from space 5120K, 99% used [0x00000000d7f80000,0x00000000d847e238,0x00000000d8480000)
  to   space 5120K, 0% used [0x00000000d8480000,0x00000000d8480000,0x00000000d8980000)
 ParOldGen       total 87552K, used 12500K [0x0000000081c00000, 0x0000000087180000, 0x00000000d5f00000)
  object space 87552K, 14% used [0x0000000081c00000,0x00000000828353d0,0x0000000087180000)
 Metaspace       used 16755K, capacity 17347K, committed 17408K, reserved 1064960K
  class space    used 2157K, capacity 2297K, committed 2304K, reserved 1048576K

Card table byte_map: [0x0000000012520000,0x0000000012920000] byte_map_base: 0x0000000012112000

Marking Bits: (ParMarkBitMap*) 0x0000000071a05ce0
 Begin Bits: [0x0000000012fd0000, 0x0000000014f60000)
 End Bits:   [0x0000000014f60000, 0x0000000016ef0000)

Polling page: 0x0000000001400000

CodeCache: size=245760Kb used=4724Kb max_used=4724Kb free=241035Kb
 bounds [0x0000000003160000, 0x0000000003610000, 0x0000000012160000]
 total_blobs=2122 nmethods=1482 adapters=552
 compilation: enabled

Compilation events (10 events):
Event: 2.293 Thread 0x0000000017ce2800 1471       3       sun.util.locale.LocaleUtils::toLower (17 bytes)
Event: 2.293 Thread 0x0000000017ce2800 nmethod 1471 0x00000000035fa310 code [0x00000000035fa480, 0x00000000035fa6f0]
Event: 2.294 Thread 0x0000000017ce2800 1472       1       java.awt.Window::isShowing (5 bytes)
Event: 2.294 Thread 0x0000000017ce2800 nmethod 1472 0x00000000035fa050 code [0x00000000035fa1a0, 0x00000000035fa2b0]
Event: 2.309 Thread 0x0000000017ca2000 1474       4       java.nio.Buffer::hasRemaining (17 bytes)
Event: 2.309 Thread 0x0000000017ce2800 1475       3       sun.reflect.ReflectionFactory::copyField (10 bytes)
Event: 2.310 Thread 0x0000000017ca2000 nmethod 1474 0x00000000035f8950 code [0x00000000035f8a80, 0x00000000035f8af8]
Event: 2.310 Thread 0x0000000017ce2800 nmethod 1475 0x00000000035f8210 code [0x00000000035f83a0, 0x00000000035f8788]
Event: 2.310 Thread 0x0000000017ce2800 1476       3       java.lang.reflect.ReflectAccess::copyField (5 bytes)
Event: 2.310 Thread 0x0000000017ce2800 nmethod 1476 0x00000000035fd650 code [0x00000000035fd7c0, 0x00000000035fd9c8]

GC Heap History (2 events):
Event: 1.595 GC heap before
{Heap before GC invocations=1 (full 0):
 PSYoungGen      total 38400K, used 33280K [0x00000000d5f00000, 0x00000000d8980000, 0x0000000100000000)
  eden space 33280K, 100% used [0x00000000d5f00000,0x00000000d7f80000,0x00000000d7f80000)
  from space 5120K, 0% used [0x00000000d8480000,0x00000000d8480000,0x00000000d8980000)
  to   space 5120K, 0% used [0x00000000d7f80000,0x00000000d7f80000,0x00000000d8480000)
 ParOldGen       total 87552K, used 0K [0x0000000081c00000, 0x0000000087180000, 0x00000000d5f00000)
  object space 87552K, 0% used [0x0000000081c00000,0x0000000081c00000,0x0000000087180000)
 Metaspace       used 15575K, capacity 16138K, committed 16384K, reserved 1062912K
  class space    used 2086K, capacity 2230K, committed 2304K, reserved 1048576K
Event: 1.608 GC heap after
Heap after GC invocations=1 (full 0):
 PSYoungGen      total 38400K, used 5112K [0x00000000d5f00000, 0x00000000d8980000, 0x0000000100000000)
  eden space 33280K, 0% used [0x00000000d5f00000,0x00000000d5f00000,0x00000000d7f80000)
  from space 5120K, 99% used [0x00000000d7f80000,0x00000000d847e238,0x00000000d8480000)
  to   space 5120K, 0% used [0x00000000d8480000,0x00000000d8480000,0x00000000d8980000)
 ParOldGen       total 87552K, used 12500K [0x0000000081c00000, 0x0000000087180000, 0x00000000d5f00000)
  object space 87552K, 14% used [0x0000000081c00000,0x00000000828353d0,0x0000000087180000)
 Metaspace       used 15575K, capacity 16138K, committed 16384K, reserved 1062912K
  class space    used 2086K, capacity 2230K, committed 2304K, reserved 1048576K
}

Deoptimization events (10 events):
Event: 0.738 Thread 0x0000000019984000 Uncommon trap: reason=unstable_if action=reinterpret pc=0x00000000033e01d0 method=java.awt.image.DirectColorModel.getsRGBComponentFromsRGB(II)I @ 20
Event: 0.738 Thread 0x0000000019984000 Uncommon trap: reason=unstable_if action=reinterpret pc=0x00000000033dd348 method=java.awt.image.DirectColorModel.getsRGBComponentFromsRGB(II)I @ 20
Event: 0.975 Thread 0x0000000019984000 Uncommon trap: reason=unstable_if action=reinterpret pc=0x0000000003377308 method=jdk.internal.org.objectweb.asm.ByteVector.putShort(I)Ljdk/internal/org/objectweb/asm/ByteVector; @ 13
Event: 0.986 Thread 0x000000001b64d000 Uncommon trap: reason=unstable_if action=reinterpret pc=0x0000000003470a54 method=java.util.HashMap.getNode(ILjava/lang/Object;)Ljava/util/HashMap$Node; @ 62
Event: 0.987 Thread 0x000000001b64d000 Uncommon trap: reason=unstable_if action=reinterpret pc=0x000000000344a254 method=java.util.HashMap.getNode(ILjava/lang/Object;)Ljava/util/HashMap$Node; @ 62
Event: 1.439 Thread 0x000000001b5e3000 Uncommon trap: reason=unstable_if action=reinterpret pc=0x000000000340eaac method=sun.awt.image.IntegerInterleavedRaster.getDataElements(IILjava/lang/Object;)Ljava/lang/Object; @ 43
Event: 1.439 Thread 0x000000001b5e3000 Uncommon trap: reason=range_check action=make_not_entrant pc=0x000000000341098c method=java.awt.image.DirectColorModel.getsRGBComponentFromsRGB(II)I @ 6
Event: 1.525 Thread 0x0000000019984000 Uncommon trap: reason=unstable_if action=reinterpret pc=0x000000000352df5c method=java.awt.MultipleGradientPaintContext.indexIntoGradientsArrays(F)I @ 93
Event: 1.580 Thread 0x0000000019984000 Uncommon trap: reason=unstable_if action=reinterpret pc=0x0000000003536b70 method=java.awt.MultipleGradientPaintContext.indexIntoGradientsArrays(F)I @ 7
Event: 1.582 Thread 0x0000000019984000 Uncommon trap: reason=predicate action=maybe_recompile pc=0x0000000003556ec4 method=java.awt.LinearGradientPaintContext.fillRaster([IIIIIII)V @ 56

Classes redefined (0 events):
No events

Internal exceptions (10 events):
Event: 0.371 Thread 0x0000000019984000 Exception <a 'java/io/FileNotFoundException'> (0x00000000d63c0b60) thrown at [C:\re\workspace\8-2-build-windows-amd64-cygwin\jdk8u211\12973\hotspot\src\share\vm\prims\jni.cpp, line 710]
Event: 0.398 Thread 0x0000000019984000 Exception <a 'java/lang/NoSuchMethodError': java.lang.Object.lambda$static$0(Lorg/pushingpixels/substance/api/colorscheme/SubstanceColorScheme;)Ljava/awt/Color;> (0x00000000d64c60f0) thrown at [C:\re\workspace\8-2-build-windows-amd64-cygwin\jdk8u211\12973
Event: 0.398 Thread 0x0000000019984000 Exception <a 'java/lang/NoSuchMethodError': java.lang.Object.lambda$static$1(Lorg/pushingpixels/substance/api/colorscheme/SubstanceColorScheme;)Ljava/awt/Color;> (0x00000000d64c97a8) thrown at [C:\re\workspace\8-2-build-windows-amd64-cygwin\jdk8u211\12973
Event: 0.398 Thread 0x0000000019984000 Exception <a 'java/lang/NoSuchMethodError': java.lang.Object.lambda$static$2(Lorg/pushingpixels/substance/api/colorscheme/SubstanceColorScheme;)Ljava/awt/Color;> (0x00000000d64cbaf0) thrown at [C:\re\workspace\8-2-build-windows-amd64-cygwin\jdk8u211\12973
Event: 0.399 Thread 0x0000000019984000 Exception <a 'java/lang/NoSuchMethodError': java.lang.Object.lambda$static$3(Lorg/pushingpixels/substance/api/colorscheme/SubstanceColorScheme;)Ljava/awt/Color;> (0x00000000d64cde38) thrown at [C:\re\workspace\8-2-build-windows-amd64-cygwin\jdk8u211\12973
Event: 0.399 Thread 0x0000000019984000 Exception <a 'java/lang/NoSuchMethodError': java.lang.Object.lambda$static$4(Lorg/pushingpixels/substance/api/colorscheme/SubstanceColorScheme;)Ljava/awt/Color;> (0x00000000d64d0180) thrown at [C:\re\workspace\8-2-build-windows-amd64-cygwin\jdk8u211\12973
Event: 0.399 Thread 0x0000000019984000 Exception <a 'java/lang/NoSuchMethodError': java.lang.Object.lambda$static$5(Lorg/pushingpixels/substance/api/colorscheme/SubstanceColorScheme;)Ljava/awt/Color;> (0x00000000d64d24c8) thrown at [C:\re\workspace\8-2-build-windows-amd64-cygwin\jdk8u211\12973
Event: 0.399 Thread 0x0000000019984000 Exception <a 'java/lang/NoSuchMethodError': java.lang.Object.lambda$static$6(Lorg/pushingpixels/substance/api/colorscheme/SubstanceColorScheme;)Ljava/awt/Color;> (0x00000000d64d4810) thrown at [C:\re\workspace\8-2-build-windows-amd64-cygwin\jdk8u211\12973
Event: 1.439 Thread 0x000000001b5e3000 Implicit null exception at 0x000000000340e93d to 0x000000000340ea91
Event: 2.257 Thread 0x0000000003062800 Exception <a 'org/lwjgl/LWJGLException': Failed to set device gamma.> (0x00000000d662d358) thrown at [C:\re\workspace\8-2-build-windows-amd64-cygwin\jdk8u211\12973\hotspot\src\share\vm\prims\jni.cpp, line 736]

Events (10 events):
Event: 2.307 loading class com/mt/face/util/MiscUtil
Event: 2.307 loading class com/mt/face/util/MiscUtil done
Event: 2.308 loading class java/io/StringWriter
Event: 2.308 loading class java/io/StringWriter done
Event: 2.308 loading class java/lang/InternalError
Event: 2.308 loading class java/lang/InternalError done
Event: 2.308 loading class java/lang/AssertionError
Event: 2.309 loading class java/lang/AssertionError done
Event: 2.309 loading class java/io/UnsupportedEncodingException
Event: 2.309 loading class java/io/UnsupportedEncodingException done


Dynamic libraries:
0x00007ff738400000 - 0x00007ff738437000 	C:\Program Files\Java\jdk1.8.0_211\bin\javaw.exe
0x00007ffc18b20000 - 0x00007ffc18d0d000 	C:\WINDOWS\SYSTEM32\ntdll.dll
0x00007ffc15d60000 - 0x00007ffc15e13000 	C:\WINDOWS\System32\KERNEL32.DLL
0x00007ffc14f70000 - 0x00007ffc15203000 	C:\WINDOWS\System32\KERNELBASE.dll
0x00007ffc15e20000 - 0x00007ffc15ec3000 	C:\WINDOWS\System32\ADVAPI32.dll
0x00007ffc18930000 - 0x00007ffc189ce000 	C:\WINDOWS\System32\msvcrt.dll
0x00007ffc18360000 - 0x00007ffc183fe000 	C:\WINDOWS\System32\sechost.dll
0x00007ffc18800000 - 0x00007ffc18922000 	C:\WINDOWS\System32\RPCRT4.dll
0x00007ffc16b40000 - 0x00007ffc16cd7000 	C:\WINDOWS\System32\USER32.dll
0x00007ffc14d20000 - 0x00007ffc14d40000 	C:\WINDOWS\System32\win32u.dll
0x00007ffc163d0000 - 0x00007ffc163f9000 	C:\WINDOWS\System32\GDI32.dll
0x00007ffc15ab0000 - 0x00007ffc15c49000 	C:\WINDOWS\System32\gdi32full.dll
0x00007ffc152c0000 - 0x00007ffc15360000 	C:\WINDOWS\System32\msvcp_win.dll
0x00007ffc15c50000 - 0x00007ffc15d4a000 	C:\WINDOWS\System32\ucrtbase.dll
0x00007ffc05ed0000 - 0x00007ffc06149000 	C:\WINDOWS\WinSxS\amd64_microsoft.windows.common-controls_6595b64144ccf1df_6.0.17763.678_none_05b74150071d72bf\COMCTL32.dll
0x00007ffc166b0000 - 0x00007ffc169dc000 	C:\WINDOWS\System32\combase.dll
0x00007ffc14c50000 - 0x00007ffc14cce000 	C:\WINDOWS\System32\bcryptPrimitives.dll
0x00007ffc164e0000 - 0x00007ffc1650e000 	C:\WINDOWS\System32\IMM32.DLL
0x0000000071020000 - 0x00000000710f2000 	C:\Program Files\Java\jdk1.8.0_211\jre\bin\msvcr100.dll
0x00000000711e0000 - 0x0000000071a85000 	C:\Program Files\Java\jdk1.8.0_211\jre\bin\server\jvm.dll
0x00007ffc15d50000 - 0x00007ffc15d58000 	C:\WINDOWS\System32\PSAPI.DLL
0x00007ffc0df20000 - 0x00007ffc0df29000 	C:\WINDOWS\SYSTEM32\WSOCK32.dll
0x00007ffc16510000 - 0x00007ffc1657d000 	C:\WINDOWS\System32\WS2_32.dll
0x00007ffc11880000 - 0x00007ffc118a4000 	C:\WINDOWS\SYSTEM32\WINMM.dll
0x00007ffc0c3d0000 - 0x00007ffc0c3da000 	C:\WINDOWS\SYSTEM32\VERSION.dll
0x00007ffc11710000 - 0x00007ffc1173d000 	C:\WINDOWS\SYSTEM32\WINMMBASE.dll
0x00007ffc14cd0000 - 0x00007ffc14d1a000 	C:\WINDOWS\System32\cfgmgr32.dll
0x00007ffc0dcf0000 - 0x00007ffc0dcff000 	C:\Program Files\Java\jdk1.8.0_211\jre\bin\verify.dll
0x00007ffc06bf0000 - 0x00007ffc06c19000 	C:\Program Files\Java\jdk1.8.0_211\jre\bin\java.dll
0x00007ffc0dcd0000 - 0x00007ffc0dce6000 	C:\Program Files\Java\jdk1.8.0_211\jre\bin\zip.dll
0x00007ffc16ce0000 - 0x00007ffc181d0000 	C:\WINDOWS\System32\SHELL32.dll
0x00007ffc18680000 - 0x00007ffc18728000 	C:\WINDOWS\System32\shcore.dll
0x00007ffc15360000 - 0x00007ffc15aaa000 	C:\WINDOWS\System32\windows.storage.dll
0x00007ffc14bc0000 - 0x00007ffc14be4000 	C:\WINDOWS\System32\profapi.dll
0x00007ffc14b40000 - 0x00007ffc14b9d000 	C:\WINDOWS\System32\powrprof.dll
0x00007ffc18a90000 - 0x00007ffc18ae2000 	C:\WINDOWS\System32\shlwapi.dll
0x00007ffc14b20000 - 0x00007ffc14b31000 	C:\WINDOWS\System32\kernel.appcore.dll
0x00007ffc14d70000 - 0x00007ffc14d87000 	C:\WINDOWS\System32\cryptsp.dll
0x00007ffc0dc80000 - 0x00007ffc0dc9a000 	C:\Program Files\Java\jdk1.8.0_211\jre\bin\net.dll
0x00007ffc08040000 - 0x00007ffc08217000 	C:\WINDOWS\SYSTEM32\urlmon.dll
0x00007ffc07d90000 - 0x00007ffc08038000 	C:\WINDOWS\SYSTEM32\iertutil.dll
0x00007ffc14560000 - 0x00007ffc1456c000 	C:\WINDOWS\SYSTEM32\CRYPTBASE.DLL
0x00007ffc14390000 - 0x00007ffc143f7000 	C:\WINDOWS\system32\mswsock.dll
0x00007ffc0b970000 - 0x00007ffc0b982000 	C:\Program Files\Java\jdk1.8.0_211\jre\bin\nio.dll
0x00007ffc0e330000 - 0x00007ffc0e3fb000 	C:\Facial Recognition\Viewer\native\FR.dll
0x00007ffbcd770000 - 0x00007ffbcd909000 	C:\Program Files\Java\jdk1.8.0_211\jre\bin\awt.dll
0x00007ffc18730000 - 0x00007ffc187f4000 	C:\WINDOWS\System32\OLEAUT32.dll
0x00007ffc12d70000 - 0x00007ffc12dfc000 	C:\WINDOWS\SYSTEM32\apphelp.dll
0x00007ffc12f20000 - 0x00007ffc12fbc000 	C:\WINDOWS\system32\uxtheme.dll
0x00007ffc181d0000 - 0x00007ffc1833b000 	C:\WINDOWS\System32\MSCTF.dll
0x00007ffc133b0000 - 0x00007ffc133de000 	C:\WINDOWS\system32\dwmapi.dll
0x00007ffc14d90000 - 0x00007ffc14f6b000 	C:\WINDOWS\System32\CRYPT32.dll
0x00007ffc14ba0000 - 0x00007ffc14bb2000 	C:\WINDOWS\System32\MSASN1.dll
0x00007ffc169e0000 - 0x00007ffc16b35000 	C:\WINDOWS\System32\ole32.dll
0x00007ffbfffc0000 - 0x00007ffc00009000 	C:\Program Files\Java\jdk1.8.0_211\jre\bin\fontmanager.dll
0x00007ffbfe200000 - 0x00007ffbfe327000 	C:\WINDOWS\system32\opengl32.dll
0x00007ffc0f4f0000 - 0x00007ffc0f51c000 	C:\WINDOWS\SYSTEM32\GLU32.dll
0x00007ffbe76a0000 - 0x00007ffbe783e000 	C:\WINDOWS\system32\d3d9.dll
0x00007ffc0e1d0000 - 0x00007ffc0e2be000 	C:\WINDOWS\System32\DriverStore\FileRepository\nvaci.inf_amd64_2f1946ae97d3f755\nvldumdx.dll
0x00007ffc14bf0000 - 0x00007ffc14c49000 	C:\WINDOWS\System32\WINTRUST.DLL
0x00007ffc18340000 - 0x00007ffc1835d000 	C:\WINDOWS\System32\imagehlp.dll
0x00007ffc13f10000 - 0x00007ffc13f43000 	C:\WINDOWS\system32\rsaenh.dll
0x00007ffc14d40000 - 0x00007ffc14d66000 	C:\WINDOWS\System32\bcrypt.dll
0x00007ffbc4500000 - 0x00007ffbc58c0000 	C:\WINDOWS\System32\DriverStore\FileRepository\nvaci.inf_amd64_2f1946ae97d3f755\nvd3dumx.dll
0x00007ffc0e2f0000 - 0x00007ffc0e321000 	C:\Program Files\Java\jdk1.8.0_211\jre\bin\jpeg.dll
0x00007ffc0e080000 - 0x00007ffc0e0aa000 	C:\Program Files\Java\jdk1.8.0_211\jre\bin\dcpr.dll
0x00007ffc10230000 - 0x00007ffc102d9000 	C:\WINDOWS\WinSxS\amd64_microsoft.windows.common-controls_6595b64144ccf1df_5.82.17763.678_none_10e59e88642d3cda\comctl32.dll
0x00007ffbecac0000 - 0x00007ffbecb02000 	C:\Program Files\Java\jdk1.8.0_211\jre\bin\t2k.dll
0x00007ffc18400000 - 0x00007ffc184a2000 	C:\WINDOWS\System32\clbcatq.dll
0x00007ffc113a0000 - 0x00007ffc11548000 	C:\WINDOWS\system32\propsys.dll
0x00007ffbd7d50000 - 0x00007ffbd7e77000 	C:\WINDOWS\system32\NetworkExplorer.dll
0x00007ffc06b00000 - 0x00007ffc06b1b000 	C:\WINDOWS\SYSTEM32\MPR.dll
0x00007ffc117d0000 - 0x00007ffc117db000 	C:\WINDOWS\System32\drprov.dll
0x00007ffc13c10000 - 0x00007ffc13c68000 	C:\WINDOWS\System32\WINSTA.dll
0x00007ffc0f610000 - 0x00007ffc0f625000 	C:\WINDOWS\System32\ntlanman.dll
0x00007ffbf1a70000 - 0x00007ffbf1a8d000 	C:\WINDOWS\System32\davclnt.dll
0x00007ffc06b90000 - 0x00007ffc06b9c000 	C:\WINDOWS\System32\DAVHLPR.dll
0x00007ffc101a0000 - 0x00007ffc101b7000 	C:\WINDOWS\System32\wkscli.dll
0x00007ffc04550000 - 0x00007ffc04562000 	C:\WINDOWS\SYSTEM32\cscapi.dll
0x00007ffc141c0000 - 0x00007ffc141ce000 	C:\WINDOWS\System32\netutils.dll
0x00007ffbeca00000 - 0x00007ffbeca4b000 	C:\Windows\System32\dlnashext.dll
0x00007ffbe1ce0000 - 0x00007ffbe1d44000 	C:\Windows\System32\PlayToDevice.dll
0x00007ffc09340000 - 0x00007ffc09360000 	C:\Windows\System32\DevDispItemProvider.dll
0x00007ffc09a30000 - 0x00007ffc09aa0000 	C:\WINDOWS\System32\MMDevApi.dll
0x00007ffc14950000 - 0x00007ffc14979000 	C:\WINDOWS\System32\DEVOBJ.dll
0x00007ffc140b0000 - 0x00007ffc140ed000 	C:\Windows\System32\IPHLPAPI.DLL
0x00007ffc184b0000 - 0x00007ffc184b8000 	C:\WINDOWS\System32\NSI.dll
0x00007ffc09fc0000 - 0x00007ffc09fd6000 	C:\WINDOWS\SYSTEM32\dhcpcsvc6.DLL
0x00007ffc0a0f0000 - 0x00007ffc0a10c000 	C:\WINDOWS\SYSTEM32\dhcpcsvc.DLL
0x00007ffc140f0000 - 0x00007ffc141b6000 	C:\WINDOWS\SYSTEM32\DNSAPI.dll
0x00007ffc0b180000 - 0x00007ffc0b18b000 	C:\WINDOWS\SYSTEM32\WINNSI.DLL
0x00007ffc108e0000 - 0x00007ffc1091c000 	C:\WINDOWS\System32\netprofm.dll
0x00007ffc09e80000 - 0x00007ffc09e8f000 	C:\WINDOWS\System32\npmproxy.dll
0x00007ffbcaf30000 - 0x00007ffbcb110000 	C:\WINDOWS\system32\wpdshext.dll
0x00007ffc0ef90000 - 0x00007ffc0f135000 	C:\WINDOWS\WinSxS\amd64_microsoft.windows.gdiplus_6595b64144ccf1df_1.1.17763.678_none_36a2343561afec8d\gdiplus.dll
0x00007ffbf0df0000 - 0x00007ffbf0e8f000 	C:\Windows\System32\PortableDeviceApi.dll
0x00007ffc15ed0000 - 0x00007ffc16346000 	C:\WINDOWS\System32\SETUPAPI.dll
0x00007ffbfc9e0000 - 0x00007ffbfca17000 	C:\Windows\System32\EhStorShell.dll
0x00007ffc00ff0000 - 0x00007ffc01015000 	C:\Windows\System32\EhStorAPI.dll
0x00007ffc10d70000 - 0x00007ffc10d83000 	C:\Windows\System32\WTSAPI32.dll
0x00007ffc0ee00000 - 0x00007ffc0ee0d000 	C:\WINDOWS\SYSTEM32\LINKINFO.dll
0x00007ffc0f750000 - 0x00007ffc0f908000 	C:\WINDOWS\SYSTEM32\WindowsCodecs.dll
0x00007ffbfb750000 - 0x00007ffbfb7b1000 	C:\Windows\System32\thumbcache.dll
0x00007ffc06800000 - 0x00007ffc06895000 	C:\WINDOWS\System32\TextInputFramework.dll
0x00007ffc0f960000 - 0x00007ffc0fc82000 	C:\WINDOWS\System32\CoreUIComponents.dll
0x00007ffc12b60000 - 0x00007ffc12c42000 	C:\WINDOWS\System32\CoreMessaging.dll
0x00007ffc13b70000 - 0x00007ffc13ba1000 	C:\WINDOWS\SYSTEM32\ntmarta.dll
0x00007ffc10ba0000 - 0x00007ffc10cf3000 	C:\WINDOWS\SYSTEM32\wintypes.dll
0x0000000180000000 - 0x0000000180053000 	C:\Facial Recognition\Viewer\native\lwjgl64.dll
0x000000006e960000 - 0x0000000071020000 	C:\WINDOWS\System32\DriverStore\FileRepository\nvaci.inf_amd64_2f1946ae97d3f755\nvoglv64.dll
0x00007ffc0eee0000 - 0x00007ffc0ef8d000 	C:\WINDOWS\SYSTEM32\mscms.dll
0x00007ffc14a50000 - 0x00007ffc14a78000 	C:\WINDOWS\SYSTEM32\USERENV.dll
0x00007ffc11960000 - 0x00007ffc11970000 	C:\WINDOWS\SYSTEM32\ColorAdapterClient.dll
0x00007ffbe7320000 - 0x00007ffbe7363000 	C:\WINDOWS\SYSTEM32\icm32.dll
0x00007ffc10520000 - 0x00007ffc10527000 	C:\Program Files\Java\jdk1.8.0_211\jre\bin\jawt.dll
0x00007ffbf3650000 - 0x00007ffbf383d000 	C:\WINDOWS\SYSTEM32\dbghelp.dll

VM Arguments:
jvm_args: -DisIDE=true -Dorg.lwjgl.util.Debug=true -DTBSeperateLog=false -Djava.library.path=C:\Facial Recognition\Viewer\native -Dfile.encoding=Cp1252 
java_command: com.mt.face.Main
java_class_path (initial): C:\Facial Recognition\Viewer\bin\main;C:\Users\TroyN\.gradle\caches\modules-2\files-2.1\org.lwjgl.lwjgl\lwjgl\2.9.2\a9d80fe5935c7a9149f6584d9777cfd471f65489\lwjgl-2.9.2.jar;C:\Users\TroyN\.gradle\caches\modules-2\files-2.1\org.pushing-pixels\radiance-substance\1.0.2\2500241beb56d6ce4128fbd657d1eb79eefa8c5a\radiance-substance-1.0.2.jar;C:\Users\TroyN\.gradle\caches\modules-2\files-2.1\commons-io\commons-io\2.6\815893df5f31da2ece4040fe0a12fd44b577afaf\commons-io-2.6.jar;C:\Users\TroyN\.gradle\caches\modules-2\files-2.1\org.lwjgl.lwjgl\lwjgl-platform\2.9.2\510c7d317f5e9e700b9cfaac5fd38bdebf0702e0\lwjgl-platform-2.9.2-natives-windows.jar;C:\Users\TroyN\.gradle\caches\modules-2\files-2.1\org.lwjgl.lwjgl\lwjgl-platform\2.9.2\d276cdf61fe2b516c7b7f4aa1b8dea91dbdc8d56\lwjgl-platform-2.9.2-natives-linux.jar;C:\Users\TroyN\.gradle\caches\modules-2\files-2.1\org.lwjgl.lwjgl\lwjgl-platform\2.9.2\d55b46b40b40249d627a83a7f7f22649709d70c3\lwjgl-platform-2.9.2-natives-osx.jar;C:\Users\TroyN\.gradle\caches\modules-2\files-2.1\net.java.jinput\jinput\2.0.5\39c7796b469a600f72380316f6b1f11db6c2c7c4\jinput-2.0.5.jar;C:\Users\TroyN\.gradle\caches\modules-2\files-2.1\org.pushing-pixels\radiance-trident\1.0.2\db64347b6de94463526b29aa8bc183c1839c6006\radiance-trident-1.0.2.jar;C:\Users\TroyN\.gradle\caches\modules-2\files-2.1\org.pushing-pixels\radiance-neon\1.0.2\e067e76b1ada34f50bd84b2b4ef59bbea343a871\radiance-neon-1.0.2.jar;C:\Users\TroyN\.gradle\caches\modules-2\files-2.1\net.java.jutils\jutils\1.0.0\e12fe1fda814bd348c1579329c86943d2cd3c6a6\jutils-1.0.0.jar;C:\Users\TroyN\.gradle\caches\modules-2\files-2.1\net.java.jinput\jinput-platform\2.0.5\7ff832a6eb9ab6a767f1ade2b548092d0fa64795\jinput-platform-2.0.5-natives-linux.jar;C:\Users\TroyN\.gradle\caches\modules-2\files-2.1\net.java.jinput\jinput-platform\2.0.5\385ee093e01f587f30ee1c8a2ee7d408fd732e16\jinput-platform-2.0.5-natives-windows.jar;C:\Users\TroyN\.gradle\caches\modules-2\files-2.1\net.java.jinput\jin
Launcher Type: SUN_STANDARD

Environment Variables:
JAVA_HOME=C:\Program Files\Java\jdk1.8.0_211\bin
PATH=C:/Program Files/Java/jdk1.8.0_211/bin/../jre/bin/server;C:/Program Files/Java/jdk1.8.0_211/bin/../jre/bin;C:/Program Files/Java/jdk1.8.0_211/bin/../jre/lib/amd64;C:\Program Files\Java\jdk1.8.0_211\bin;C:\Program Files\Python 2.7\;C:\Program Files\Python 2.7\Scripts;C:\Program Files\ffmpeg;C:\Program Files (x86)\Razer\ChromaBroadcast\bin;C:\Program Files\Razer\ChromaBroadcast\bin;C:\WINDOWS\system32;C:\WINDOWS;C:\WINDOWS\System32\Wbem;C:\WINDOWS\System32\WindowsPowerShell\v1.0\;C:\WINDOWS\System32\OpenSSH\;C:\Program Files\PuTTY\;C:\Program Files\Git\cmd;C:\Users\Public\frc2019\roborio\bin;C:\Users\Public\frc2019\frccode;C:\WINDOWS\system32\config\systemprofile\AppData\Local\Microsoft\WindowsApps;C:\Program Files\Oracle\VirtualBox;C:\Program Files\CMake\bin;C:\Users\TroyN\AppData\Local\Microsoft\WindowsApps;C:\Users\TroyN\AppData\Local\atom\bin;C:\Users\Public\frc2019\roborio\bin;C:\Users\Public\frc2019\frccode;;C:\Java\eclipse;
USERNAME=TroyN
OS=Windows_NT
PROCESSOR_IDENTIFIER=Intel64 Family 6 Model 158 Stepping 9, GenuineIntel



---------------  S Y S T E M  ---------------

OS: Windows 10.0 , 64 bit Build 17763 (10.0.17763.475)

CPU:total 4 (initial active 4) (4 cores per cpu, 1 threads per core) family 6 model 158 stepping 9, cmov, cx8, fxsr, mmx, sse, sse2, sse3, ssse3, sse4.1, sse4.2, popcnt, avx, avx2, aes, clmul, erms, 3dnowpref, lzcnt, tsc, tscinvbit, bmi1, bmi2, adx

Memory: 4k page, physical 8269412k(2427176k free), swap 17182308k(6658124k free)

vm_info: Java HotSpot(TM) 64-Bit Server VM (25.211-b12) for windows-amd64 JRE (1.8.0_211-b12), built on Apr  1 2019 20:53:26 by "java_re" with MS VC++ 10.0 (VS2010)

time: Sun Sep 08 06:54:55 2019
timezone: Eastern Daylight Time
elapsed time: 2 seconds (0d 0h 0m 2s)

