#
# A fatal error has been detected by the Java Runtime Environment:
#
#  EXCEPTION_ACCESS_VIOLATION (0xc0000005) at pc=0x000000007133f214, pid=1428, tid=0x0000000000003094
#
# JRE version: Java(TM) SE Runtime Environment (8.0_211-b12) (build 1.8.0_211-b12)
# Java VM: Java HotSpot(TM) 64-Bit Server VM (25.211-b12 mixed mode windows-amd64 compressed oops)
# Problematic frame:
# V  [jvm.dll+0x15f214]
#
# Failed to write core dump. Minidumps are not enabled by default on client versions of Windows
#
# If you would like to submit a bug report, please visit:
#   http://bugreport.java.com/bugreport/crash.jsp
#

---------------  T H R E A D  ---------------

Current thread (0x0000000002762800):  JavaThread "main" [_thread_in_vm, id=12436, stack(0x0000000000e90000,0x0000000000f90000)]

siginfo: ExceptionCode=0xc0000005, reading address 0xffffffffffffffff

Registers:
RAX=0x005db60f41000000, RBX=0x000000001aaa61e0, RCX=0x00000000028721d8, RDX=0x0000000000000000
RSP=0x0000000000f8ebf0, RBP=0x00007ffc0e5c5548, RSI=0x005db60f41000000, RDI=0x00000000027abe10
R8 =0x0000000000000014, R9 =0x00007ffc0be19720, R10=0x00000000027abe10, R11=0x0000000073cf11cb
R12=0x0000000002762800, R13=0x0000000000000001, R14=0x0000000000000008, R15=0x0000000000f8ed20
RIP=0x000000007133f214, EFLAGS=0x0000000000010246

Top of Stack: (sp=0x0000000000f8ebf0)
0x0000000000f8ebf0:   000000001aaa61e0 0000000000f8f0d0
0x0000000000f8ec00:   0000000000f8ed60 000000007130b6cc
0x0000000000f8ec10:   0000000000f8ed60 0000000000a57e80
0x0000000000f8ec20:   0000000073cf11cb 00000000000000ff
0x0000000000f8ec30:   00000000260bbfa0 0000000000000000
0x0000000000f8ec40:   00007ffc0e5c5530 000000007133f5b7
0x0000000000f8ec50:   0000000002762800 00000000a0094ee0
0x0000000000f8ec60:   0000000000f8f0d0 00007ffc0e5c5548
0x0000000000f8ec70:   0000000002762800 0000000000f8ed60
0x0000000000f8ec80:   0000000002762800 0000000000000000
0x0000000000f8ec90:   00000000717d8ac8 0000000000000000
0x0000000000f8eca0:   000000000000017f 00007ffc0e54123c
0x0000000000f8ecb0:   000000000000031c 0000000000000100
0x0000000000f8ecc0:   0000000000a97180 000000000000000e
0x0000000000f8ecd0:   fffffffffffffffe 0000000000014abd
0x0000000000f8ece0:   0000000002762800 0000000000f8f0e0 

Instructions: (pc=0x000000007133f214)
0x000000007133f1f4:   48 8b cf e8 84 cc fd ff e9 17 01 00 00 48 8b 0e
0x000000007133f204:   e8 c7 9e f0 ff 4c 8b a4 24 80 00 00 00 48 8b f0
0x000000007133f214:   48 8b 00 49 8b d4 48 8b ce ff 90 90 00 00 00 49
0x000000007133f224:   83 7c 24 08 00 75 c9 48 3b 1d 1e f4 69 00 74 3b 


Register to memory mapping:

RAX=0x005db60f41000000 is an unknown value
RBX=0x000000001aaa61e0 is an unknown value
RCX=0x00000000028721d8 is at code_begin+24 in an Interpreter codelet
result handlers for native calls  [0x00000000028721c0, 0x00000000028721e0]  32 bytes
RDX=0x0000000000000000 is an unknown value
RSP=0x0000000000f8ebf0 is pointing into the stack for thread: 0x0000000002762800
RBP=0x00007ffc0e5c5548 is an unknown value
RSI=0x005db60f41000000 is an unknown value
RDI=0x00000000027abe10 is an unknown value
R8 =0x0000000000000014 is an unknown value
R9 =0x00007ffc0be19720 is an unknown value
R10=0x00000000027abe10 is an unknown value
R11=0x0000000073cf11cb is an unknown value
R12=0x0000000002762800 is a thread
R13=0x0000000000000001 is an unknown value
R14=0x0000000000000008 is an unknown value
R15=0x0000000000f8ed20 is pointing into the stack for thread: 0x0000000002762800


Stack: [0x0000000000e90000,0x0000000000f90000],  sp=0x0000000000f8ebf0,  free space=1018k
Native frames: (J=compiled Java code, j=interpreted, Vv=VM code, C=native code)
V  [jvm.dll+0x15f214]
V  [jvm.dll+0x15f5b7]
C  [FR.dll+0x123c]  GetClipboard+0x7c
C  [FR.dll+0x1a92]  Renderer::Render+0x32
C  0x0000000002878c67

Java frames: (J=compiled Java code, j=interpreted, Vv=VM code)
j  com.mt.face.natives.NativeUtils.render(II)V+0
j  com.mt.face.Window.update()V+14
j  com.mt.face.Main.main([Ljava/lang/String;)V+36
v  ~StubRoutines::call_stub

---------------  P R O C E S S  ---------------

Java Threads: ( => current thread )
  0x000000001b05d800 JavaThread "D3D Screen Updater" daemon [_thread_blocked, id=10956, stack(0x0000000026860000,0x0000000026960000)]
  0x000000001af30000 JavaThread "Trident pulse source thread" daemon [_thread_blocked, id=23848, stack(0x0000000024750000,0x0000000024850000)]
  0x000000001af5e800 JavaThread "Trident callback thread" daemon [_thread_blocked, id=9712, stack(0x0000000024550000,0x0000000024650000)]
  0x000000001ad40800 JavaThread "Swing-Shell" daemon [_thread_blocked, id=22692, stack(0x0000000024180000,0x0000000024280000)]
  0x000000001aca9800 JavaThread "Image Fetcher 1" daemon [_thread_blocked, id=23104, stack(0x0000000023e80000,0x0000000023f80000)]
  0x000000001ab94000 JavaThread "Image Fetcher 0" daemon [_thread_blocked, id=17224, stack(0x0000000023d80000,0x0000000023e80000)]
  0x0000000018ed0800 JavaThread "AWT-EventQueue-0" [_thread_blocked, id=4208, stack(0x0000000019960000,0x0000000019a60000)]
  0x0000000018ecb000 JavaThread "AWT-Windows" daemon [_thread_in_native, id=2224, stack(0x0000000019670000,0x0000000019770000)]
  0x0000000018ec8800 JavaThread "AWT-Shutdown" [_thread_blocked, id=26356, stack(0x0000000019570000,0x0000000019670000)]
  0x0000000018e83800 JavaThread "Java2D Disposer" daemon [_thread_blocked, id=14560, stack(0x0000000019470000,0x0000000019570000)]
  0x0000000018b39000 JavaThread "Service Thread" daemon [_thread_blocked, id=18192, stack(0x0000000019130000,0x0000000019230000)]
  0x0000000018b34000 JavaThread "C1 CompilerThread2" daemon [_thread_blocked, id=22964, stack(0x0000000019030000,0x0000000019130000)]
  0x0000000018b31000 JavaThread "C2 CompilerThread1" daemon [_thread_blocked, id=460, stack(0x0000000018f30000,0x0000000019030000)]
  0x00000000173bf800 JavaThread "C2 CompilerThread0" daemon [_thread_blocked, id=24520, stack(0x0000000018a30000,0x0000000018b30000)]
  0x00000000173be000 JavaThread "Attach Listener" daemon [_thread_blocked, id=3652, stack(0x0000000018930000,0x0000000018a30000)]
  0x00000000173bc800 JavaThread "Signal Dispatcher" daemon [_thread_blocked, id=6176, stack(0x0000000018830000,0x0000000018930000)]
  0x000000000285c800 JavaThread "Finalizer" daemon [_thread_blocked, id=504, stack(0x0000000018630000,0x0000000018730000)]
  0x00000000173aa000 JavaThread "Reference Handler" daemon [_thread_blocked, id=25292, stack(0x0000000018530000,0x0000000018630000)]
=>0x0000000002762800 JavaThread "main" [_thread_in_vm, id=12436, stack(0x0000000000e90000,0x0000000000f90000)]

Other Threads:
  0x0000000017387000 VMThread [stack: 0x0000000018430000,0x0000000018530000] [id=17708]
  0x0000000018b4a800 WatcherThread [stack: 0x0000000019230000,0x0000000019330000] [id=17732]

VM state:not at safepoint (normal execution)

VM Mutex/Monitor currently owned by a thread: None

heap address: 0x0000000081c00000, size: 2020 MB, Compressed Oops mode: 32-bit
Narrow klass base: 0x0000000000000000, Narrow klass shift: 3
Compressed class space size: 1073741824 Address: 0x0000000100000000

Heap:
 PSYoungGen      total 38400K, used 17585K [0x00000000d5f00000, 0x00000000d8980000, 0x0000000100000000)
  eden space 33280K, 37% used [0x00000000d5f00000,0x00000000d6b2e498,0x00000000d7f80000)
  from space 5120K, 99% used [0x00000000d7f80000,0x00000000d847e2b0,0x00000000d8480000)
  to   space 5120K, 0% used [0x00000000d8480000,0x00000000d8480000,0x00000000d8980000)
 ParOldGen       total 87552K, used 12528K [0x0000000081c00000, 0x0000000087180000, 0x00000000d5f00000)
  object space 87552K, 14% used [0x0000000081c00000,0x000000008283c128,0x0000000087180000)
 Metaspace       used 16758K, capacity 17347K, committed 17408K, reserved 1064960K
  class space    used 2157K, capacity 2297K, committed 2304K, reserved 1048576K

Card table byte_map: [0x0000000011c20000,0x0000000012020000] byte_map_base: 0x0000000011812000

Marking Bits: (ParMarkBitMap*) 0x0000000071a05ce0
 Begin Bits: [0x00000000126d0000, 0x0000000014660000)
 End Bits:   [0x0000000014660000, 0x00000000165f0000)

Polling page: 0x0000000000a30000

CodeCache: size=245760Kb used=4684Kb max_used=4684Kb free=241075Kb
 bounds [0x0000000002860000, 0x0000000002d00000, 0x0000000011860000]
 total_blobs=2140 nmethods=1500 adapters=552
 compilation: enabled

Compilation events (10 events):
Event: 2.083 Thread 0x0000000018b34000 1483       3       sun.util.locale.LocaleUtils::toLower (17 bytes)
Event: 2.083 Thread 0x0000000018b34000 nmethod 1483 0x0000000002cecd50 code [0x0000000002cecec0, 0x0000000002ced130]
Event: 2.084 Thread 0x0000000018b34000 1484       3       java.util.concurrent.locks.AbstractQueuedSynchronizer::compareAndSetTail (13 bytes)
Event: 2.085 Thread 0x0000000018b34000 nmethod 1484 0x0000000002ceca10 code [0x0000000002cecb60, 0x0000000002ceccf0]
Event: 2.085 Thread 0x0000000018b34000 1486       1       java.awt.Window::isShowing (5 bytes)
Event: 2.085 Thread 0x0000000018b34000 nmethod 1486 0x0000000002cec390 code [0x0000000002cec4e0, 0x0000000002cec5f0]
Event: 2.120 Thread 0x0000000018b34000 1487       3       sun.reflect.ReflectionFactory::copyField (10 bytes)
Event: 2.121 Thread 0x0000000018b34000 nmethod 1487 0x0000000002cee450 code [0x0000000002cee5e0, 0x0000000002cee9c8]
Event: 2.121 Thread 0x0000000018b34000 1488       3       java.lang.reflect.ReflectAccess::copyField (5 bytes)
Event: 2.121 Thread 0x0000000018b34000 nmethod 1488 0x0000000002ceeb90 code [0x0000000002ceed00, 0x0000000002ceef08]

GC Heap History (2 events):
Event: 1.512 GC heap before
{Heap before GC invocations=1 (full 0):
 PSYoungGen      total 38400K, used 33280K [0x00000000d5f00000, 0x00000000d8980000, 0x0000000100000000)
  eden space 33280K, 100% used [0x00000000d5f00000,0x00000000d7f80000,0x00000000d7f80000)
  from space 5120K, 0% used [0x00000000d8480000,0x00000000d8480000,0x00000000d8980000)
  to   space 5120K, 0% used [0x00000000d7f80000,0x00000000d7f80000,0x00000000d8480000)
 ParOldGen       total 87552K, used 0K [0x0000000081c00000, 0x0000000087180000, 0x00000000d5f00000)
  object space 87552K, 0% used [0x0000000081c00000,0x0000000081c00000,0x0000000087180000)
 Metaspace       used 15583K, capacity 16138K, committed 16384K, reserved 1062912K
  class space    used 2085K, capacity 2230K, committed 2304K, reserved 1048576K
Event: 1.526 GC heap after
Heap after GC invocations=1 (full 0):
 PSYoungGen      total 38400K, used 5112K [0x00000000d5f00000, 0x00000000d8980000, 0x0000000100000000)
  eden space 33280K, 0% used [0x00000000d5f00000,0x00000000d5f00000,0x00000000d7f80000)
  from space 5120K, 99% used [0x00000000d7f80000,0x00000000d847e2b0,0x00000000d8480000)
  to   space 5120K, 0% used [0x00000000d8480000,0x00000000d8480000,0x00000000d8980000)
 ParOldGen       total 87552K, used 12528K [0x0000000081c00000, 0x0000000087180000, 0x00000000d5f00000)
  object space 87552K, 14% used [0x0000000081c00000,0x000000008283c128,0x0000000087180000)
 Metaspace       used 15583K, capacity 16138K, committed 16384K, reserved 1062912K
  class space    used 2085K, capacity 2230K, committed 2304K, reserved 1048576K
}

Deoptimization events (10 events):
Event: 0.687 Thread 0x0000000018ed0800 Uncommon trap: reason=unstable_if action=reinterpret pc=0x0000000002adb7d0 method=java.awt.image.DirectColorModel.getsRGBComponentFromsRGB(II)I @ 20
Event: 0.687 Thread 0x0000000018ed0800 Uncommon trap: reason=unstable_if action=reinterpret pc=0x0000000002ad9c08 method=java.awt.image.DirectColorModel.getsRGBComponentFromsRGB(II)I @ 20
Event: 0.853 Thread 0x0000000018ed0800 Uncommon trap: reason=unstable_if action=reinterpret pc=0x0000000002a79908 method=jdk.internal.org.objectweb.asm.ByteVector.putShort(I)Ljdk/internal/org/objectweb/asm/ByteVector; @ 13
Event: 0.861 Thread 0x000000001af5e800 Uncommon trap: reason=unstable_if action=reinterpret pc=0x0000000002b79754 method=java.util.HashMap.getNode(ILjava/lang/Object;)Ljava/util/HashMap$Node; @ 62
Event: 0.862 Thread 0x000000001af5e800 Uncommon trap: reason=unstable_if action=reinterpret pc=0x0000000002b43854 method=java.util.HashMap.getNode(ILjava/lang/Object;)Ljava/util/HashMap$Node; @ 62
Event: 1.331 Thread 0x000000001aca9800 Uncommon trap: reason=unstable_if action=reinterpret pc=0x0000000002b0feac method=sun.awt.image.IntegerInterleavedRaster.getDataElements(IILjava/lang/Object;)Ljava/lang/Object; @ 43
Event: 1.331 Thread 0x000000001aca9800 Uncommon trap: reason=range_check action=make_not_entrant pc=0x0000000002b1535c method=java.awt.image.DirectColorModel.getsRGBComponentFromsRGB(II)I @ 6
Event: 1.448 Thread 0x0000000018ed0800 Uncommon trap: reason=unstable_if action=reinterpret pc=0x0000000002c2919c method=java.awt.MultipleGradientPaintContext.indexIntoGradientsArrays(F)I @ 93
Event: 1.494 Thread 0x0000000018ed0800 Uncommon trap: reason=predicate action=maybe_recompile pc=0x0000000002c522c4 method=java.awt.LinearGradientPaintContext.fillRaster([IIIIIII)V @ 56
Event: 1.494 Thread 0x0000000018ed0800 Uncommon trap: reason=unstable_if action=reinterpret pc=0x0000000002c31db0 method=java.awt.MultipleGradientPaintContext.indexIntoGradientsArrays(F)I @ 7

Classes redefined (0 events):
No events

Internal exceptions (10 events):
Event: 0.344 Thread 0x0000000018ed0800 Exception <a 'java/io/FileNotFoundException'> (0x00000000d63c0a40) thrown at [C:\re\workspace\8-2-build-windows-amd64-cygwin\jdk8u211\12973\hotspot\src\share\vm\prims\jni.cpp, line 710]
Event: 0.373 Thread 0x0000000018ed0800 Exception <a 'java/lang/NoSuchMethodError': java.lang.Object.lambda$static$0(Lorg/pushingpixels/substance/api/colorscheme/SubstanceColorScheme;)Ljava/awt/Color;> (0x00000000d64c5fd0) thrown at [C:\re\workspace\8-2-build-windows-amd64-cygwin\jdk8u211\12973
Event: 0.373 Thread 0x0000000018ed0800 Exception <a 'java/lang/NoSuchMethodError': java.lang.Object.lambda$static$1(Lorg/pushingpixels/substance/api/colorscheme/SubstanceColorScheme;)Ljava/awt/Color;> (0x00000000d64c9688) thrown at [C:\re\workspace\8-2-build-windows-amd64-cygwin\jdk8u211\12973
Event: 0.373 Thread 0x0000000018ed0800 Exception <a 'java/lang/NoSuchMethodError': java.lang.Object.lambda$static$2(Lorg/pushingpixels/substance/api/colorscheme/SubstanceColorScheme;)Ljava/awt/Color;> (0x00000000d64cb9d0) thrown at [C:\re\workspace\8-2-build-windows-amd64-cygwin\jdk8u211\12973
Event: 0.374 Thread 0x0000000018ed0800 Exception <a 'java/lang/NoSuchMethodError': java.lang.Object.lambda$static$3(Lorg/pushingpixels/substance/api/colorscheme/SubstanceColorScheme;)Ljava/awt/Color;> (0x00000000d64cdd18) thrown at [C:\re\workspace\8-2-build-windows-amd64-cygwin\jdk8u211\12973
Event: 0.374 Thread 0x0000000018ed0800 Exception <a 'java/lang/NoSuchMethodError': java.lang.Object.lambda$static$4(Lorg/pushingpixels/substance/api/colorscheme/SubstanceColorScheme;)Ljava/awt/Color;> (0x00000000d64d0060) thrown at [C:\re\workspace\8-2-build-windows-amd64-cygwin\jdk8u211\12973
Event: 0.374 Thread 0x0000000018ed0800 Exception <a 'java/lang/NoSuchMethodError': java.lang.Object.lambda$static$5(Lorg/pushingpixels/substance/api/colorscheme/SubstanceColorScheme;)Ljava/awt/Color;> (0x00000000d64d23a8) thrown at [C:\re\workspace\8-2-build-windows-amd64-cygwin\jdk8u211\12973
Event: 0.374 Thread 0x0000000018ed0800 Exception <a 'java/lang/NoSuchMethodError': java.lang.Object.lambda$static$6(Lorg/pushingpixels/substance/api/colorscheme/SubstanceColorScheme;)Ljava/awt/Color;> (0x00000000d64d46f0) thrown at [C:\re\workspace\8-2-build-windows-amd64-cygwin\jdk8u211\12973
Event: 1.331 Thread 0x000000001aca9800 Implicit null exception at 0x0000000002b0fd3d to 0x0000000002b0fe91
Event: 2.057 Thread 0x0000000002762800 Exception <a 'org/lwjgl/LWJGLException': Failed to set device gamma.> (0x00000000d66307f0) thrown at [C:\re\workspace\8-2-build-windows-amd64-cygwin\jdk8u211\12973\hotspot\src\share\vm\prims\jni.cpp, line 736]

Events (10 events):
Event: 2.103 loading class com/mt/face/util/MiscUtil
Event: 2.103 loading class com/mt/face/util/MiscUtil done
Event: 2.119 loading class java/io/StringWriter
Event: 2.119 loading class java/io/StringWriter done
Event: 2.119 loading class java/lang/InternalError
Event: 2.119 loading class java/lang/InternalError done
Event: 2.119 loading class java/lang/AssertionError
Event: 2.119 loading class java/lang/AssertionError done
Event: 2.120 loading class java/io/UnsupportedEncodingException
Event: 2.120 loading class java/io/UnsupportedEncodingException done


Dynamic libraries:
0x00007ff738400000 - 0x00007ff738437000 	C:\Program Files\Java\jdk1.8.0_211\bin\javaw.exe
0x00007ffc18b20000 - 0x00007ffc18d0d000 	C:\WINDOWS\SYSTEM32\ntdll.dll
0x00007ffc15d60000 - 0x00007ffc15e13000 	C:\WINDOWS\System32\KERNEL32.DLL
0x00007ffc14f70000 - 0x00007ffc15203000 	C:\WINDOWS\System32\KERNELBASE.dll
0x00007ffc15e20000 - 0x00007ffc15ec3000 	C:\WINDOWS\System32\ADVAPI32.dll
0x00007ffc18930000 - 0x00007ffc189ce000 	C:\WINDOWS\System32\msvcrt.dll
0x00007ffc18360000 - 0x00007ffc183fe000 	C:\WINDOWS\System32\sechost.dll
0x00007ffc18800000 - 0x00007ffc18922000 	C:\WINDOWS\System32\RPCRT4.dll
0x00007ffc16b40000 - 0x00007ffc16cd7000 	C:\WINDOWS\System32\USER32.dll
0x00007ffc14d20000 - 0x00007ffc14d40000 	C:\WINDOWS\System32\win32u.dll
0x00007ffc163d0000 - 0x00007ffc163f9000 	C:\WINDOWS\System32\GDI32.dll
0x00007ffc15ab0000 - 0x00007ffc15c49000 	C:\WINDOWS\System32\gdi32full.dll
0x00007ffc152c0000 - 0x00007ffc15360000 	C:\WINDOWS\System32\msvcp_win.dll
0x00007ffc15c50000 - 0x00007ffc15d4a000 	C:\WINDOWS\System32\ucrtbase.dll
0x00007ffc05ed0000 - 0x00007ffc06149000 	C:\WINDOWS\WinSxS\amd64_microsoft.windows.common-controls_6595b64144ccf1df_6.0.17763.678_none_05b74150071d72bf\COMCTL32.dll
0x00007ffc166b0000 - 0x00007ffc169dc000 	C:\WINDOWS\System32\combase.dll
0x00007ffc14c50000 - 0x00007ffc14cce000 	C:\WINDOWS\System32\bcryptPrimitives.dll
0x00007ffc164e0000 - 0x00007ffc1650e000 	C:\WINDOWS\System32\IMM32.DLL
0x0000000071020000 - 0x00000000710f2000 	C:\Program Files\Java\jdk1.8.0_211\jre\bin\msvcr100.dll
0x00000000711e0000 - 0x0000000071a85000 	C:\Program Files\Java\jdk1.8.0_211\jre\bin\server\jvm.dll
0x00007ffc15d50000 - 0x00007ffc15d58000 	C:\WINDOWS\System32\PSAPI.DLL
0x00007ffc0df20000 - 0x00007ffc0df29000 	C:\WINDOWS\SYSTEM32\WSOCK32.dll
0x00007ffc16510000 - 0x00007ffc1657d000 	C:\WINDOWS\System32\WS2_32.dll
0x00007ffc11880000 - 0x00007ffc118a4000 	C:\WINDOWS\SYSTEM32\WINMM.dll
0x00007ffc0c3d0000 - 0x00007ffc0c3da000 	C:\WINDOWS\SYSTEM32\VERSION.dll
0x00007ffc11710000 - 0x00007ffc1173d000 	C:\WINDOWS\SYSTEM32\WINMMBASE.dll
0x00007ffc14cd0000 - 0x00007ffc14d1a000 	C:\WINDOWS\System32\cfgmgr32.dll
0x00007ffc0dcf0000 - 0x00007ffc0dcff000 	C:\Program Files\Java\jdk1.8.0_211\jre\bin\verify.dll
0x00007ffc06bf0000 - 0x00007ffc06c19000 	C:\Program Files\Java\jdk1.8.0_211\jre\bin\java.dll
0x00007ffc0dcd0000 - 0x00007ffc0dce6000 	C:\Program Files\Java\jdk1.8.0_211\jre\bin\zip.dll
0x00007ffc16ce0000 - 0x00007ffc181d0000 	C:\WINDOWS\System32\SHELL32.dll
0x00007ffc18680000 - 0x00007ffc18728000 	C:\WINDOWS\System32\shcore.dll
0x00007ffc15360000 - 0x00007ffc15aaa000 	C:\WINDOWS\System32\windows.storage.dll
0x00007ffc14bc0000 - 0x00007ffc14be4000 	C:\WINDOWS\System32\profapi.dll
0x00007ffc14b40000 - 0x00007ffc14b9d000 	C:\WINDOWS\System32\powrprof.dll
0x00007ffc18a90000 - 0x00007ffc18ae2000 	C:\WINDOWS\System32\shlwapi.dll
0x00007ffc14b20000 - 0x00007ffc14b31000 	C:\WINDOWS\System32\kernel.appcore.dll
0x00007ffc14d70000 - 0x00007ffc14d87000 	C:\WINDOWS\System32\cryptsp.dll
0x00007ffc0dc80000 - 0x00007ffc0dc9a000 	C:\Program Files\Java\jdk1.8.0_211\jre\bin\net.dll
0x00007ffc08040000 - 0x00007ffc08217000 	C:\WINDOWS\SYSTEM32\urlmon.dll
0x00007ffc07d90000 - 0x00007ffc08038000 	C:\WINDOWS\SYSTEM32\iertutil.dll
0x00007ffc14560000 - 0x00007ffc1456c000 	C:\WINDOWS\SYSTEM32\CRYPTBASE.DLL
0x00007ffc14390000 - 0x00007ffc143f7000 	C:\WINDOWS\system32\mswsock.dll
0x00007ffc0b970000 - 0x00007ffc0b982000 	C:\Program Files\Java\jdk1.8.0_211\jre\bin\nio.dll
0x00007ffc0e540000 - 0x00007ffc0e60b000 	C:\Facial Recognition\Viewer\native\FR.dll
0x00007ffc0e3a0000 - 0x00007ffc0e539000 	C:\Program Files\Java\jdk1.8.0_211\jre\bin\awt.dll
0x00007ffc18730000 - 0x00007ffc187f4000 	C:\WINDOWS\System32\OLEAUT32.dll
0x00007ffc12d70000 - 0x00007ffc12dfc000 	C:\WINDOWS\SYSTEM32\apphelp.dll
0x00007ffc12f20000 - 0x00007ffc12fbc000 	C:\WINDOWS\system32\uxtheme.dll
0x00007ffc181d0000 - 0x00007ffc1833b000 	C:\WINDOWS\System32\MSCTF.dll
0x00007ffc133b0000 - 0x00007ffc133de000 	C:\WINDOWS\system32\dwmapi.dll
0x00007ffc14d90000 - 0x00007ffc14f6b000 	C:\WINDOWS\System32\CRYPT32.dll
0x00007ffc14ba0000 - 0x00007ffc14bb2000 	C:\WINDOWS\System32\MSASN1.dll
0x00007ffc169e0000 - 0x00007ffc16b35000 	C:\WINDOWS\System32\ole32.dll
0x00007ffc10530000 - 0x00007ffc10579000 	C:\Program Files\Java\jdk1.8.0_211\jre\bin\fontmanager.dll
0x00007ffbfe200000 - 0x00007ffbfe327000 	C:\WINDOWS\system32\opengl32.dll
0x00007ffc0f4f0000 - 0x00007ffc0f51c000 	C:\WINDOWS\SYSTEM32\GLU32.dll
0x00007ffbe76a0000 - 0x00007ffbe783e000 	C:\WINDOWS\system32\d3d9.dll
0x00007ffc0e1d0000 - 0x00007ffc0e2be000 	C:\WINDOWS\System32\DriverStore\FileRepository\nvaci.inf_amd64_2f1946ae97d3f755\nvldumdx.dll
0x00007ffc14bf0000 - 0x00007ffc14c49000 	C:\WINDOWS\System32\WINTRUST.DLL
0x00007ffc18340000 - 0x00007ffc1835d000 	C:\WINDOWS\System32\imagehlp.dll
0x00007ffc13f10000 - 0x00007ffc13f43000 	C:\WINDOWS\system32\rsaenh.dll
0x00007ffc14d40000 - 0x00007ffc14d66000 	C:\WINDOWS\System32\bcrypt.dll
0x00007ffbc9740000 - 0x00007ffbcab00000 	C:\WINDOWS\System32\DriverStore\FileRepository\nvaci.inf_amd64_2f1946ae97d3f755\nvd3dumx.dll
0x00007ffc0e360000 - 0x00007ffc0e391000 	C:\Program Files\Java\jdk1.8.0_211\jre\bin\jpeg.dll
0x00007ffc0e330000 - 0x00007ffc0e35a000 	C:\Program Files\Java\jdk1.8.0_211\jre\bin\dcpr.dll
0x00007ffc10230000 - 0x00007ffc102d9000 	C:\WINDOWS\WinSxS\amd64_microsoft.windows.common-controls_6595b64144ccf1df_5.82.17763.678_none_10e59e88642d3cda\comctl32.dll
0x00007ffbfffc0000 - 0x00007ffc00002000 	C:\Program Files\Java\jdk1.8.0_211\jre\bin\t2k.dll
0x00007ffc18400000 - 0x00007ffc184a2000 	C:\WINDOWS\System32\clbcatq.dll
0x00007ffc113a0000 - 0x00007ffc11548000 	C:\WINDOWS\system32\propsys.dll
0x00007ffbd7d50000 - 0x00007ffbd7e77000 	C:\WINDOWS\system32\NetworkExplorer.dll
0x00007ffc06b00000 - 0x00007ffc06b1b000 	C:\WINDOWS\SYSTEM32\MPR.dll
0x00007ffc117d0000 - 0x00007ffc117db000 	C:\WINDOWS\System32\drprov.dll
0x00007ffc13c10000 - 0x00007ffc13c68000 	C:\WINDOWS\System32\WINSTA.dll
0x00007ffc0f610000 - 0x00007ffc0f625000 	C:\WINDOWS\System32\ntlanman.dll
0x00007ffbf1a70000 - 0x00007ffbf1a8d000 	C:\WINDOWS\System32\davclnt.dll
0x00007ffc06b90000 - 0x00007ffc06b9c000 	C:\WINDOWS\System32\DAVHLPR.dll
0x00007ffc101a0000 - 0x00007ffc101b7000 	C:\WINDOWS\System32\wkscli.dll
0x00007ffc04550000 - 0x00007ffc04562000 	C:\WINDOWS\SYSTEM32\cscapi.dll
0x00007ffc141c0000 - 0x00007ffc141ce000 	C:\WINDOWS\System32\netutils.dll
0x00007ffbeca00000 - 0x00007ffbeca4b000 	C:\Windows\System32\dlnashext.dll
0x00007ffbe1ce0000 - 0x00007ffbe1d44000 	C:\Windows\System32\PlayToDevice.dll
0x00007ffc09340000 - 0x00007ffc09360000 	C:\Windows\System32\DevDispItemProvider.dll
0x00007ffc09a30000 - 0x00007ffc09aa0000 	C:\WINDOWS\System32\MMDevApi.dll
0x00007ffc14950000 - 0x00007ffc14979000 	C:\WINDOWS\System32\DEVOBJ.dll
0x00007ffc140b0000 - 0x00007ffc140ed000 	C:\Windows\System32\IPHLPAPI.DLL
0x00007ffc184b0000 - 0x00007ffc184b8000 	C:\WINDOWS\System32\NSI.dll
0x00007ffc09fc0000 - 0x00007ffc09fd6000 	C:\WINDOWS\SYSTEM32\dhcpcsvc6.DLL
0x00007ffc0a0f0000 - 0x00007ffc0a10c000 	C:\WINDOWS\SYSTEM32\dhcpcsvc.DLL
0x00007ffc140f0000 - 0x00007ffc141b6000 	C:\WINDOWS\SYSTEM32\DNSAPI.dll
0x00007ffc0b180000 - 0x00007ffc0b18b000 	C:\WINDOWS\SYSTEM32\WINNSI.DLL
0x00007ffc108e0000 - 0x00007ffc1091c000 	C:\WINDOWS\System32\netprofm.dll
0x00007ffc09e80000 - 0x00007ffc09e8f000 	C:\WINDOWS\System32\npmproxy.dll
0x00007ffbcd730000 - 0x00007ffbcd910000 	C:\WINDOWS\system32\wpdshext.dll
0x00007ffc0ef90000 - 0x00007ffc0f135000 	C:\WINDOWS\WinSxS\amd64_microsoft.windows.gdiplus_6595b64144ccf1df_1.1.17763.678_none_36a2343561afec8d\gdiplus.dll
0x00007ffbf0df0000 - 0x00007ffbf0e8f000 	C:\Windows\System32\PortableDeviceApi.dll
0x00007ffc15ed0000 - 0x00007ffc16346000 	C:\WINDOWS\System32\SETUPAPI.dll
0x00007ffbfc9e0000 - 0x00007ffbfca17000 	C:\Windows\System32\EhStorShell.dll
0x00007ffc0e300000 - 0x00007ffc0e325000 	C:\Windows\System32\EhStorAPI.dll
0x00007ffc10d70000 - 0x00007ffc10d83000 	C:\Windows\System32\WTSAPI32.dll
0x00007ffc0ee00000 - 0x00007ffc0ee0d000 	C:\WINDOWS\SYSTEM32\LINKINFO.dll
0x00007ffc0f750000 - 0x00007ffc0f908000 	C:\WINDOWS\SYSTEM32\WindowsCodecs.dll
0x00007ffbfb750000 - 0x00007ffbfb7b1000 	C:\Windows\System32\thumbcache.dll
0x00007ffc06800000 - 0x00007ffc06895000 	C:\WINDOWS\System32\TextInputFramework.dll
0x00007ffc12b60000 - 0x00007ffc12c42000 	C:\WINDOWS\System32\CoreMessaging.dll
0x00007ffc0f960000 - 0x00007ffc0fc82000 	C:\WINDOWS\System32\CoreUIComponents.dll
0x00007ffc13b70000 - 0x00007ffc13ba1000 	C:\WINDOWS\SYSTEM32\ntmarta.dll
0x00007ffc10ba0000 - 0x00007ffc10cf3000 	C:\WINDOWS\SYSTEM32\wintypes.dll
0x0000000180000000 - 0x0000000180053000 	C:\Facial Recognition\Viewer\native\lwjgl64.dll
0x000000006e960000 - 0x0000000071020000 	C:\WINDOWS\System32\DriverStore\FileRepository\nvaci.inf_amd64_2f1946ae97d3f755\nvoglv64.dll
0x00007ffc0eee0000 - 0x00007ffc0ef8d000 	C:\WINDOWS\SYSTEM32\mscms.dll
0x00007ffc14a50000 - 0x00007ffc14a78000 	C:\WINDOWS\SYSTEM32\USERENV.dll
0x00007ffc11960000 - 0x00007ffc11970000 	C:\WINDOWS\SYSTEM32\ColorAdapterClient.dll
0x00007ffbecac0000 - 0x00007ffbecb03000 	C:\WINDOWS\SYSTEM32\icm32.dll
0x00007ffc10520000 - 0x00007ffc10527000 	C:\Program Files\Java\jdk1.8.0_211\jre\bin\jawt.dll
0x00007ffbf3650000 - 0x00007ffbf383d000 	C:\WINDOWS\SYSTEM32\dbghelp.dll

VM Arguments:
jvm_args: -DisIDE=true -Dorg.lwjgl.util.Debug=true -DTBSeperateLog=false -Djava.library.path=C:\Facial Recognition\Viewer\native -Dfile.encoding=Cp1252 
java_command: com.mt.face.Main
java_class_path (initial): C:\Facial Recognition\Viewer\bin\main;C:\Users\TroyN\.gradle\caches\modules-2\files-2.1\org.lwjgl.lwjgl\lwjgl\2.9.2\a9d80fe5935c7a9149f6584d9777cfd471f65489\lwjgl-2.9.2.jar;C:\Users\TroyN\.gradle\caches\modules-2\files-2.1\org.pushing-pixels\radiance-substance\1.0.2\2500241beb56d6ce4128fbd657d1eb79eefa8c5a\radiance-substance-1.0.2.jar;C:\Users\TroyN\.gradle\caches\modules-2\files-2.1\commons-io\commons-io\2.6\815893df5f31da2ece4040fe0a12fd44b577afaf\commons-io-2.6.jar;C:\Users\TroyN\.gradle\caches\modules-2\files-2.1\org.lwjgl.lwjgl\lwjgl-platform\2.9.2\510c7d317f5e9e700b9cfaac5fd38bdebf0702e0\lwjgl-platform-2.9.2-natives-windows.jar;C:\Users\TroyN\.gradle\caches\modules-2\files-2.1\org.lwjgl.lwjgl\lwjgl-platform\2.9.2\d276cdf61fe2b516c7b7f4aa1b8dea91dbdc8d56\lwjgl-platform-2.9.2-natives-linux.jar;C:\Users\TroyN\.gradle\caches\modules-2\files-2.1\org.lwjgl.lwjgl\lwjgl-platform\2.9.2\d55b46b40b40249d627a83a7f7f22649709d70c3\lwjgl-platform-2.9.2-natives-osx.jar;C:\Users\TroyN\.gradle\caches\modules-2\files-2.1\net.java.jinput\jinput\2.0.5\39c7796b469a600f72380316f6b1f11db6c2c7c4\jinput-2.0.5.jar;C:\Users\TroyN\.gradle\caches\modules-2\files-2.1\org.pushing-pixels\radiance-trident\1.0.2\db64347b6de94463526b29aa8bc183c1839c6006\radiance-trident-1.0.2.jar;C:\Users\TroyN\.gradle\caches\modules-2\files-2.1\org.pushing-pixels\radiance-neon\1.0.2\e067e76b1ada34f50bd84b2b4ef59bbea343a871\radiance-neon-1.0.2.jar;C:\Users\TroyN\.gradle\caches\modules-2\files-2.1\net.java.jutils\jutils\1.0.0\e12fe1fda814bd348c1579329c86943d2cd3c6a6\jutils-1.0.0.jar;C:\Users\TroyN\.gradle\caches\modules-2\files-2.1\net.java.jinput\jinput-platform\2.0.5\7ff832a6eb9ab6a767f1ade2b548092d0fa64795\jinput-platform-2.0.5-natives-linux.jar;C:\Users\TroyN\.gradle\caches\modules-2\files-2.1\net.java.jinput\jinput-platform\2.0.5\385ee093e01f587f30ee1c8a2ee7d408fd732e16\jinput-platform-2.0.5-natives-windows.jar;C:\Users\TroyN\.gradle\caches\modules-2\files-2.1\net.java.jinput\jin
Launcher Type: SUN_STANDARD

Environment Variables:
JAVA_HOME=C:\Program Files\Java\jdk1.8.0_211\bin
PATH=C:/Program Files/Java/jdk1.8.0_211/bin/../jre/bin/server;C:/Program Files/Java/jdk1.8.0_211/bin/../jre/bin;C:/Program Files/Java/jdk1.8.0_211/bin/../jre/lib/amd64;C:\Program Files\Java\jdk1.8.0_211\bin;C:\Program Files\Python 2.7\;C:\Program Files\Python 2.7\Scripts;C:\Program Files\ffmpeg;C:\Program Files (x86)\Razer\ChromaBroadcast\bin;C:\Program Files\Razer\ChromaBroadcast\bin;C:\WINDOWS\system32;C:\WINDOWS;C:\WINDOWS\System32\Wbem;C:\WINDOWS\System32\WindowsPowerShell\v1.0\;C:\WINDOWS\System32\OpenSSH\;C:\Program Files\PuTTY\;C:\Program Files\Git\cmd;C:\Users\Public\frc2019\roborio\bin;C:\Users\Public\frc2019\frccode;C:\WINDOWS\system32\config\systemprofile\AppData\Local\Microsoft\WindowsApps;C:\Program Files\Oracle\VirtualBox;C:\Program Files\CMake\bin;C:\Users\TroyN\AppData\Local\Microsoft\WindowsApps;C:\Users\TroyN\AppData\Local\atom\bin;C:\Users\Public\frc2019\roborio\bin;C:\Users\Public\frc2019\frccode;;C:\Java\eclipse;
USERNAME=TroyN
OS=Windows_NT
PROCESSOR_IDENTIFIER=Intel64 Family 6 Model 158 Stepping 9, GenuineIntel



---------------  S Y S T E M  ---------------

OS: Windows 10.0 , 64 bit Build 17763 (10.0.17763.475)

CPU:total 4 (initial active 4) (4 cores per cpu, 1 threads per core) family 6 model 158 stepping 9, cmov, cx8, fxsr, mmx, sse, sse2, sse3, ssse3, sse4.1, sse4.2, popcnt, avx, avx2, aes, clmul, erms, 3dnowpref, lzcnt, tsc, tscinvbit, bmi1, bmi2, adx

Memory: 4k page, physical 8269412k(2565704k free), swap 17182308k(6703256k free)

vm_info: Java HotSpot(TM) 64-Bit Server VM (25.211-b12) for windows-amd64 JRE (1.8.0_211-b12), built on Apr  1 2019 20:53:26 by "java_re" with MS VC++ 10.0 (VS2010)

time: Sun Sep 08 06:54:16 2019
timezone: Eastern Daylight Time
elapsed time: 2 seconds (0d 0h 0m 2s)

